<?xml version="1.0" encoding="UTF-8"?>
<!-- Generated by org.testng.reporters.JUnitXMLReporter -->
<testsuite hostname="DESKTOP-4ATA6I9" ignored="0" name="Test" tests="7" failures="1" timestamp="2022-03-01T01:16:28 IST" time="0.343" errors="0">
  <testcase name="game1" time="0.071" classname="com.testng_features.I_Annotation_Transformer"/>
  <testcase name="game2" time="0.0" classname="com.testng_features.I_Annotation_Transformer">
    <skipped/>
  </testcase> <!-- game2 -->
  <testcase name="game2" time="0.0" classname="com.testng_features.I_Annotation_Transformer">
    <skipped/>
  </testcase> <!-- game2 -->
  <testcase name="game2" time="0.0" classname="com.testng_features.I_Annotation_Transformer">
    <skipped/>
  </testcase> <!-- game2 -->
  <testcase name="game2" time="0.008" classname="com.testng_features.I_Annotation_Transformer">
    <skipped/>
  </testcase> <!-- game2 -->
  <testcase name="game2" time="0.0" classname="com.testng_features.I_Annotation_Transformer">
    <skipped/>
  </testcase> <!-- game2 -->
  <testcase name="game2" time="0.0" classname="com.testng_features.I_Annotation_Transformer">
    <failure type="java.lang.AssertionError" message="expected [cricket] but found [Cricket]">
      <![CDATA[java.lang.AssertionError: expected [cricket] but found [Cricket]
at com.testng_features.I_Annotation_Transformer.game2(I_Annotation_Transformer.java:21)
at java.util.ArrayList.forEach(Unknown Source)
... Removed 33 stack frames]]>
    </failure>
  </testcase> <!-- game2 -->
</testsuite> <!-- Test -->
